<?xml version="1.0" encoding="UTF-8"?>
<!-- Generated by org.testng.reporters.JUnitReportReporter -->
<testsuite skipped="0" hostname="Josephs-MacBoo.local" name="com.fbistech.SubDealer_TestCase.DirectFunding_TestCase" tests="8" failures="0" timestamp="2021-12-17T13:24:35 WAT" time="312.350" errors="1">
  <testcase name="verifySubDealerCannotFundCustomer" time="40.250" classname="com.fbistech.SubDealer_TestCase.DirectFunding_TestCase"/>
  <system-out/>
  <testcase name="verifySubDealerCannotFundDealer_NotUpline" time="40.086" classname="com.fbistech.SubDealer_TestCase.DirectFunding_TestCase"/>
  <system-out/>
  <testcase name="verifySubDealerCannotFund_DealerUpLine" time="41.562" classname="com.fbistech.SubDealer_TestCase.DirectFunding_TestCase"/>
  <system-out/>
  <testcase name="verifySubDealerCannotFundRetailer_NotOnDownLine" time="43.114" classname="com.fbistech.SubDealer_TestCase.DirectFunding_TestCase"/>
  <system-out/>
  <testcase name="verifySubDealerCanFund_RetailerUnderSubdealer" time="49.525" classname="com.fbistech.SubDealer_TestCase.DirectFunding_TestCase"/>
  <system-out/>
  <testcase name="verifySubDealerCanFund_RetailerUnderDealer" time="6.462" classname="com.fbistech.SubDealer_TestCase.DirectFunding_TestCase">
    <error type="java.lang.IllegalArgumentException" message="Keys to send should be a not null CharSequence">
      <![CDATA[java.lang.IllegalArgumentException: Keys to send should be a not null CharSequence
at org.openqa.selenium.remote.RemoteWebElement.sendKeys(RemoteWebElement.java:97)
at sun.reflect.NativeMethodAccessorImpl.invoke0(Native Method)
at sun.reflect.NativeMethodAccessorImpl.invoke(NativeMethodAccessorImpl.java:62)
at sun.reflect.DelegatingMethodAccessorImpl.invoke(DelegatingMethodAccessorImpl.java:43)
at java.lang.reflect.Method.invoke(Method.java:498)
at io.appium.java_client.pagefactory.ElementInterceptor.getObject(ElementInterceptor.java:40)
at io.appium.java_client.pagefactory.interceptors.InterceptorOfASingleElement.intercept(InterceptorOfASingleElement.java:60)
at io.appium.java_client.android.AndroidElement$$EnhancerByCGLIB$$b598166c.sendKeys(<generated>)
at com.fbistech.SubDealer.DirectFunding_SubDealerToRetailer_UnderDealer.validateSubdealerFundRetailer_UnderDealer(DirectFunding_SubDealerToRetailer_UnderDealer.java:67)
at com.fbistech.SubDealer_TestCase.DirectFunding_TestCase.verifySubDealerCanFund_RetailerUnderDealer(DirectFunding_TestCase.java:120)
at sun.reflect.NativeMethodAccessorImpl.invoke0(Native Method)
at sun.reflect.NativeMethodAccessorImpl.invoke(NativeMethodAccessorImpl.java:62)
at sun.reflect.DelegatingMethodAccessorImpl.invoke(DelegatingMethodAccessorImpl.java:43)
at java.lang.reflect.Method.invoke(Method.java:498)
at org.testng.internal.MethodInvocationHelper.invokeMethod(MethodInvocationHelper.java:133)
at org.testng.internal.TestInvoker.invokeMethod(TestInvoker.java:598)
at org.testng.internal.TestInvoker.invokeTestMethod(TestInvoker.java:173)
at org.testng.internal.MethodRunner.runInSequence(MethodRunner.java:46)
at org.testng.internal.TestInvoker$MethodInvocationAgent.invoke(TestInvoker.java:824)
at org.testng.internal.TestInvoker.invokeTestMethods(TestInvoker.java:146)
at org.testng.internal.TestMethodWorker.invokeTestMethods(TestMethodWorker.java:146)
at org.testng.internal.TestMethodWorker.run(TestMethodWorker.java:128)
at java.util.ArrayList.forEach(ArrayList.java:1257)
at org.testng.TestRunner.privateRun(TestRunner.java:794)
at org.testng.TestRunner.run(TestRunner.java:596)
at org.testng.SuiteRunner.runTest(SuiteRunner.java:377)
at org.testng.SuiteRunner.runSequentially(SuiteRunner.java:371)
at org.testng.SuiteRunner.privateRun(SuiteRunner.java:332)
at org.testng.SuiteRunner.run(SuiteRunner.java:276)
at org.testng.SuiteRunnerWorker.runSuite(SuiteRunnerWorker.java:53)
at org.testng.SuiteRunnerWorker.run(SuiteRunnerWorker.java:96)
at org.testng.TestNG.runSuitesSequentially(TestNG.java:1212)
at org.testng.TestNG.runSuitesLocally(TestNG.java:1134)
at org.testng.TestNG.runSuites(TestNG.java:1063)
at org.testng.TestNG.run(TestNG.java:1031)
at org.testng.remote.AbstractRemoteTestNG.run(AbstractRemoteTestNG.java:115)
at org.testng.remote.RemoteTestNG.initAndRun(RemoteTestNG.java:251)
at org.testng.remote.RemoteTestNG.main(RemoteTestNG.java:77)
]]>
    </error>
  </testcase> <!-- verifySubDealerCanFund_RetailerUnderDealer -->
  <system-out/>
  <testcase name="verifySubDealerCannotFundSubDealer_NotOnSameDealer" time="42.142" classname="com.fbistech.SubDealer_TestCase.DirectFunding_TestCase"/>
  <system-out/>
  <testcase name="verifySubDealerCanFund_SubDealerOnSameDealer" time="49.209" classname="com.fbistech.SubDealer_TestCase.DirectFunding_TestCase"/>
  <system-out/>
</testsuite> <!-- com.fbistech.SubDealer_TestCase.DirectFunding_TestCase -->
